Using hyperparameters: num_centroids=866, kmean_iter=6, nprob=214
[cache] loaded base vectors from data_o/glove/base.txt.bin
Building index...
[solution] hardware_concurrency=32, using 32 threads
[TIMING] build_from_memory - populate database: 0.033594s
[solution] finalize_build: vectors=1192514, dim=100, centroids=866
[TIMING] finalize_build - random init centers: 0.000000s
[TIMING] kmeans_assign_parallel: 45.583523s
[TIMING] kmeans_update_parallel: 0.059795s
[solution] kmeans iter 1/6 done, iter_time=8.310453s
[TIMING] kmeans_update_parallel: 0.054326s
[solution] kmeans iter 2/6 done, iter_time=1.558298s
[TIMING] kmeans_update_parallel: 0.056198s
[solution] kmeans iter 3/6 done, iter_time=1.537712s
[TIMING] kmeans_update_parallel: 0.054551s
[solution] kmeans iter 4/6 done, iter_time=1.566257s
[TIMING] kmeans_update_parallel: 0.054804s
[solution] kmeans iter 5/6 done, iter_time=1.581235s
[TIMING] kmeans_update_parallel: 0.053810s
[solution] kmeans iter 6/6 done, iter_time=1.598185s
[TIMING] finalize_build - total kmeans: 16.152140s
[TIMING] finalize_build - centroid distance matrix computed: 18.346740s
[TIMING] finalize_build - inverted_index build: 19.014989s
[TIMING] build_from_memory - finalize_build complete: 19.071567s
Index built in 19 seconds
Loading queries and ground truth...
Loaded 1000 ground truth entries
Running queries...
Processed 50 queriesProcessed 100 queriesProcessed 150 queriesProcessed 200 queriesProcessed 250 queriesProcessed 300 queriesProcessed 350 queriesProcessed 400 queriesProcessed 450 queriesProcessed 500 queriesProcessed 550 queriesProcessed 600 queriesProcessed 650 queriesProcessed 700 queriesProcessed 750 queriesProcessed 800 queriesProcessed 850 queriesProcessed 900 queriesProcessed 950 queriesProcessed 1000 queries
=== Results ===
Total queries: 1000
Average recall@10: 0.9764
Average query time: 11.70 ms
Index build time: 19 seconds
