[cache] loaded base vectors from data_o/glove/base.txt.bin
Building index...
[solution] hardware_concurrency = 32, using 32 threads
[solution] finalize_build: vectors=1192514, dim=100, centroids=32
[solution] kmeans iter 1/32 done
[solution] kmeans iter 2/32 done
[solution] kmeans iter 3/32 done
[solution] kmeans iter 4/32 done
[solution] kmeans iter 5/32 done
[solution] kmeans iter 6/32 done
[solution] kmeans iter 7/32 done
[solution] kmeans iter 8/32 done
[solution] kmeans iter 9/32 done
[solution] kmeans iter 10/32 done
[solution] kmeans iter 11/32 done
[solution] kmeans iter 12/32 done
[solution] kmeans iter 13/32 done
[solution] kmeans iter 14/32 done
[solution] kmeans iter 15/32 done
[solution] kmeans iter 16/32 done
[solution] kmeans iter 17/32 done
[solution] kmeans iter 18/32 done
[solution] kmeans iter 19/32 done
[solution] kmeans iter 20/32 done
[solution] kmeans iter 21/32 done
[solution] kmeans iter 22/32 done
[solution] kmeans iter 23/32 done
[solution] kmeans iter 24/32 done
[solution] kmeans iter 25/32 done
[solution] kmeans iter 26/32 done
[solution] kmeans iter 27/32 done
[solution] kmeans iter 28/32 done
[solution] kmeans iter 29/32 done
[solution] kmeans iter 30/32 done
[solution] kmeans iter 31/32 done
[solution] kmeans iter 32/32 done
[solution] inverted index built with 32 buckets
Index built in 8 seconds
Loading queries and ground truth...
Loaded 1000 ground truth entries
Running queries...
Processed 50 queriesProcessed 100 queriesProcessed 150 queriesProcessed 200 queriesProcessed 250 queriesProcessed 300 queriesProcessed 350 queriesProcessed 400 queriesProcessed 450 queriesProcessed 500 queriesProcessed 550 queriesProcessed 600 queriesProcessed 650 queriesProcessed 700 queriesProcessed 750 queriesProcessed 800 queriesProcessed 850 queriesProcessed 900 queriesProcessed 950 queriesProcessed 1000 queries
=== Results ===
Total queries: 1000
Average recall@10: 0.8962
Average query time: 19.26 ms
Index build time: 8 seconds
