[cache] loaded base vectors from data_o/glove/base.txt.bin
Building index...
[solution] hardware_concurrency=32, using 32 threads
[solution] metric=l2, num_centroid=3072, kmean_iter=16, nprob=48
[build_from_memory] SoA conversion time: 421 ms
[finalize_build] iter 0 assign=5374 ms, update=73 ms
[finalize_build] iter 1 assign=1911 ms, update=66 ms
[finalize_build] iter 2 assign=1895 ms, update=74 ms
[finalize_build] iter 3 assign=1834 ms, update=59 ms
[finalize_build] iter 4 assign=1793 ms, update=73 ms
[finalize_build] iter 5 assign=1809 ms, update=60 ms
[finalize_build] iter 6 assign=1850 ms, update=71 ms
[finalize_build] iter 7 assign=1812 ms, update=58 ms
[finalize_build] iter 8 assign=1848 ms, update=74 ms
[finalize_build] iter 9 assign=1830 ms, update=62 ms
[finalize_build] iter 10 assign=1838 ms, update=70 ms
[finalize_build] iter 11 assign=1842 ms, update=60 ms
[finalize_build] iter 12 assign=1886 ms, update=74 ms
[finalize_build] iter 13 assign=1906 ms, update=59 ms
[finalize_build] iter 14 assign=1815 ms, update=69 ms
[finalize_build] iter 15 assign=1859 ms, update=59 ms
[finalize_build] total time: 36073 ms
Index built in 36 seconds
Loading queries and ground truth...
Loaded 1000 ground truth entries
Running queries...
Processed 50 queriesProcessed 100 queriesProcessed 150 queriesProcessed 200 queriesProcessed 250 queriesProcessed 300 queriesProcessed 350 queriesProcessed 400 queriesProcessed 450 queriesProcessed 500 queriesProcessed 550 queriesProcessed 600 queriesProcessed 650 queriesProcessed 700 queriesProcessed 750 queriesProcessed 800 queriesProcessed 850 queriesProcessed 900 queriesProcessed 950 queriesProcessed 1000 queries
=== Results ===
Total queries: 1000
Average recall@10: 0.8551
Average query time: 5.85 ms
Index build time: 36 seconds
