[cache] loaded base vectors from data_o/glove/base.txt.bin
Building index...
[solution] hardware_concurrency=32, using 32 threads
[solution] metric=l2, num_centroid=2048, kmean_iter=16, nprob=128
[build_from_memory] SoA conversion time: 483 ms
[finalize_build] iter 0 assign=1250 ms, update=46 ms
[finalize_build] iter 1 assign=1267 ms, update=26 ms
[finalize_build] iter 2 assign=1228 ms, update=27 ms
[finalize_build] iter 3 assign=1227 ms, update=27 ms
[finalize_build] iter 4 assign=1275 ms, update=28 ms
[finalize_build] iter 5 assign=1260 ms, update=26 ms
[finalize_build] iter 6 assign=1247 ms, update=27 ms
[finalize_build] iter 7 assign=1265 ms, update=26 ms
[finalize_build] iter 8 assign=1271 ms, update=25 ms
[finalize_build] iter 9 assign=1263 ms, update=27 ms
[finalize_build] iter 10 assign=1233 ms, update=26 ms
[finalize_build] iter 11 assign=1266 ms, update=29 ms
[finalize_build] iter 12 assign=1218 ms, update=28 ms
[finalize_build] iter 13 assign=4064 ms, update=28 ms
[finalize_build] iter 14 assign=1223 ms, update=29 ms
[finalize_build] iter 15 assign=1249 ms, update=25 ms
[finalize_build] total time: 24525 ms
Index built in 25 seconds
Loading queries and ground truth...
Loaded 1000 ground truth entries
Running queries...
Processed 50 queriesProcessed 100 queriesProcessed 150 queriesProcessed 200 queriesProcessed 250 queriesProcessed 300 queriesProcessed 350 queriesProcessed 400 queriesProcessed 450 queriesProcessed 500 queriesProcessed 550 queriesProcessed 600 queriesProcessed 650 queriesProcessed 700 queriesProcessed 750 queriesProcessed 800 queriesProcessed 850 queriesProcessed 900 queriesProcessed 950 queriesProcessed 1000 queries
=== Results ===
Total queries: 1000
Average recall@10: 0.9327
Average query time: 3.38 ms
Index build time: 25 seconds
