[cache] loaded base vectors from data_o/glove/base.txt.bin
Building index...
[solution] hardware_concurrency=32, using 32 threads
[solution] metric=l2, num_centroid=24576, kmean_iter=16, nprob=112
[build_from_memory] SoA conversion time: 407 ms
[finalize_build] iter 0 assign=18837 ms, update=439 ms
[finalize_build] iter 1 assign=16165 ms, update=438 ms
[finalize_build] iter 2 assign=19000 ms, update=463 ms
[finalize_build] iter 3 assign=16428 ms, update=443 ms
[finalize_build] iter 4 assign=19269 ms, update=477 ms
[finalize_build] iter 5 assign=16317 ms, update=447 ms
[finalize_build] iter 6 assign=19316 ms, update=448 ms
[finalize_build] iter 7 assign=16413 ms, update=442 ms
[finalize_build] iter 8 assign=19164 ms, update=448 ms
[finalize_build] iter 9 assign=16402 ms, update=440 ms
[finalize_build] iter 10 assign=19252 ms, update=455 ms
[finalize_build] iter 11 assign=16347 ms, update=441 ms
[finalize_build] iter 12 assign=19144 ms, update=451 ms
[finalize_build] iter 13 assign=16425 ms, update=438 ms
[finalize_build] iter 14 assign=16431 ms, update=441 ms
[finalize_build] iter 15 assign=20524 ms, update=443 ms
[finalize_build] total time: 309058 ms
Index built in 309 seconds
Loading queries and ground truth...
Loaded 1000 ground truth entries
Running queries...
Processed 50 queriesProcessed 100 queriesProcessed 150 queriesProcessed 200 queriesProcessed 250 queriesProcessed 300 queriesProcessed 350 queriesProcessed 400 queriesProcessed 450 queriesProcessed 500 queriesProcessed 550 queriesProcessed 600 queriesProcessed 650 queriesProcessed 700 queriesProcessed 750 queriesProcessed 800 queriesProcessed 850 queriesProcessed 900 queriesProcessed 950 queriesProcessed 1000 queries
=== Results ===
Total queries: 1000
Average recall@10: 0.8310
Average query time: 5.87 ms
Index build time: 309 seconds
