[cache] loaded base vectors from data_o/glove/base.txt.bin
Building index...
[solution] hardware_concurrency=32, using 32 threads
[solution] metric=l2, num_centroid=14336, kmean_iter=6, nprob=96
[build_from_memory] SoA conversion time: 524 ms
[finalize_build] iter 0 assign=9176 ms, update=336 ms
[finalize_build] iter 1 assign=10133 ms, update=323 ms
[finalize_build] iter 2 assign=10161 ms, update=319 ms
[finalize_build] iter 3 assign=9368 ms, update=312 ms
[finalize_build] iter 4 assign=10273 ms, update=308 ms
[finalize_build] iter 5 assign=10439 ms, update=332 ms
[finalize_build] total time: 70740 ms
Index built in 71 seconds
Loading queries and ground truth...
Loaded 1000 ground truth entries
Running queries...
Processed 50 queriesProcessed 100 queriesProcessed 150 queriesProcessed 200 queriesProcessed 250 queriesProcessed 300 queriesProcessed 350 queriesProcessed 400 queriesProcessed 450 queriesProcessed 500 queriesProcessed 550 queriesProcessed 600 queriesProcessed 650 queriesProcessed 700 queriesProcessed 750 queriesProcessed 800 queriesProcessed 850 queriesProcessed 900 queriesProcessed 950 queriesProcessed 1000 queries
=== Results ===
Total queries: 1000
Average recall@10: 0.8342
Average query time: 3.73 ms
Index build time: 71 seconds
