[cache] loaded base vectors from data_o/glove/base.txt.bin
Building index...
[solution] hardware_concurrency=32, using 32 threads
[solution] metric=l2, num_centroid=3072, kmean_iter=16, nprob=112
[build_from_memory] SoA conversion time: 3388 ms
[finalize_build] iter 0 assign=2031 ms, update=78 ms
[finalize_build] iter 1 assign=2066 ms, update=80 ms
[finalize_build] iter 2 assign=2099 ms, update=77 ms
[finalize_build] iter 3 assign=1926 ms, update=78 ms
[finalize_build] iter 4 assign=1912 ms, update=60 ms
[finalize_build] iter 5 assign=1924 ms, update=73 ms
[finalize_build] iter 6 assign=1964 ms, update=73 ms
[finalize_build] iter 7 assign=1923 ms, update=63 ms
[finalize_build] iter 8 assign=1889 ms, update=70 ms
[finalize_build] iter 9 assign=1880 ms, update=67 ms
[finalize_build] iter 10 assign=1926 ms, update=70 ms
[finalize_build] iter 11 assign=1938 ms, update=62 ms
[finalize_build] iter 12 assign=1938 ms, update=71 ms
[finalize_build] iter 13 assign=1953 ms, update=73 ms
[finalize_build] iter 14 assign=1938 ms, update=62 ms
[finalize_build] iter 15 assign=4359 ms, update=73 ms
[finalize_build] total time: 36843 ms
Index built in 40 seconds
Loading queries and ground truth...
Loaded 1000 ground truth entries
Running queries...
Processed 50 queriesProcessed 100 queriesProcessed 150 queriesProcessed 200 queriesProcessed 250 queriesProcessed 300 queriesProcessed 350 queriesProcessed 400 queriesProcessed 450 queriesProcessed 500 queriesProcessed 550 queriesProcessed 600 queriesProcessed 650 queriesProcessed 700 queriesProcessed 750 queriesProcessed 800 queriesProcessed 850 queriesProcessed 900 queriesProcessed 950 queriesProcessed 1000 queries
=== Results ===
Total queries: 1000
Average recall@10: 0.9111
Average query time: 2.93 ms
Index build time: 40 seconds
