[cache] loaded base vectors from data_o/glove/base.txt.bin
Building index...
[solution] hardware_concurrency=32, using 32 threads
[solution] metric=l2, num_centroid=256, kmean_iter=16, nprob=48
[build_from_memory] SoA conversion time: 449 ms
[finalize_build] iter 0 assign=164 ms, update=22 ms
[finalize_build] iter 1 assign=164 ms, update=16 ms
[finalize_build] iter 2 assign=157 ms, update=17 ms
[finalize_build] iter 3 assign=145 ms, update=17 ms
[finalize_build] iter 4 assign=152 ms, update=16 ms
[finalize_build] iter 5 assign=143 ms, update=17 ms
[finalize_build] iter 6 assign=167 ms, update=16 ms
[finalize_build] iter 7 assign=147 ms, update=17 ms
[finalize_build] iter 8 assign=158 ms, update=16 ms
[finalize_build] iter 9 assign=157 ms, update=17 ms
[finalize_build] iter 10 assign=146 ms, update=16 ms
[finalize_build] iter 11 assign=146 ms, update=17 ms
[finalize_build] iter 12 assign=151 ms, update=16 ms
[finalize_build] iter 13 assign=149 ms, update=16 ms
[finalize_build] iter 14 assign=148 ms, update=16 ms
[finalize_build] iter 15 assign=139 ms, update=16 ms
[finalize_build] total time: 2887 ms
Index built in 3 seconds
Loading queries and ground truth...
Loaded 1000 ground truth entries
Running queries...
Processed 50 queriesProcessed 100 queriesProcessed 150 queriesProcessed 200 queriesProcessed 250 queriesProcessed 300 queriesProcessed 350 queriesProcessed 400 queriesProcessed 450 queriesProcessed 500 queriesProcessed 550 queriesProcessed 600 queriesProcessed 650 queriesProcessed 700 queriesProcessed 750 queriesProcessed 800 queriesProcessed 850 queriesProcessed 900 queriesProcessed 950 queriesProcessed 1000 queries
=== Results ===
Total queries: 1000
Average recall@10: 0.9642
Average query time: 7.42 ms
Index build time: 3 seconds
