[cache] loaded base vectors from data_o/glove/base.txt.bin
Building index...
[solution] hardware_concurrency=32, using 32 threads
[solution] metric=l2, num_centroid=10240, kmean_iter=16, nprob=80
[build_from_memory] SoA conversion time: 445 ms
[finalize_build] iter 0 assign=6532 ms, update=193 ms
[finalize_build] iter 1 assign=6457 ms, update=208 ms
[finalize_build] iter 2 assign=10059 ms, update=206 ms
[finalize_build] iter 3 assign=6603 ms, update=212 ms
[finalize_build] iter 4 assign=6625 ms, update=203 ms
[finalize_build] iter 5 assign=6684 ms, update=208 ms
[finalize_build] iter 6 assign=6708 ms, update=208 ms
[finalize_build] iter 7 assign=10109 ms, update=207 ms
[finalize_build] iter 8 assign=6699 ms, update=206 ms
[finalize_build] iter 9 assign=6686 ms, update=206 ms
[finalize_build] iter 10 assign=6614 ms, update=208 ms
[finalize_build] iter 11 assign=10028 ms, update=207 ms
[finalize_build] iter 12 assign=6774 ms, update=213 ms
[finalize_build] iter 13 assign=6635 ms, update=210 ms
[finalize_build] iter 14 assign=6649 ms, update=209 ms
[finalize_build] iter 15 assign=6732 ms, update=205 ms
[finalize_build] total time: 130110 ms
Index built in 130 seconds
Loading queries and ground truth...
Loaded 1000 ground truth entries
Running queries...
Processed 50 queriesProcessed 100 queriesProcessed 150 queriesProcessed 200 queriesProcessed 250 queriesProcessed 300 queriesProcessed 350 queriesProcessed 400 queriesProcessed 450 queriesProcessed 500 queriesProcessed 550 queriesProcessed 600 queriesProcessed 650 queriesProcessed 700 queriesProcessed 750 queriesProcessed 800 queriesProcessed 850 queriesProcessed 900 queriesProcessed 950 queriesProcessed 1000 queries
=== Results ===
Total queries: 1000
Average recall@10: 0.8328
Average query time: 2.69 ms
Index build time: 130 seconds
