[cache] loaded base vectors from data_o/glove/base.txt.bin
Building index...
[solution] hardware_concurrency=32, using 32 threads
[solution] metric=l2, num_centroid=12288, kmean_iter=16, nprob=112
[build_from_memory] SoA conversion time: 450 ms
[finalize_build] iter 0 assign=7815 ms, update=243 ms
[finalize_build] iter 1 assign=7889 ms, update=253 ms
[finalize_build] iter 2 assign=7868 ms, update=247 ms
[finalize_build] iter 3 assign=10776 ms, update=245 ms
[finalize_build] iter 4 assign=7959 ms, update=251 ms
[finalize_build] iter 5 assign=8034 ms, update=250 ms
[finalize_build] iter 6 assign=8036 ms, update=249 ms
[finalize_build] iter 7 assign=10880 ms, update=260 ms
[finalize_build] iter 8 assign=8127 ms, update=249 ms
[finalize_build] iter 9 assign=8074 ms, update=246 ms
[finalize_build] iter 10 assign=8041 ms, update=252 ms
[finalize_build] iter 11 assign=11013 ms, update=252 ms
[finalize_build] iter 12 assign=8051 ms, update=253 ms
[finalize_build] iter 13 assign=8069 ms, update=246 ms
[finalize_build] iter 14 assign=8092 ms, update=252 ms
[finalize_build] iter 15 assign=10987 ms, update=250 ms
[finalize_build] total time: 151897 ms
Index built in 152 seconds
Loading queries and ground truth...
Loaded 1000 ground truth entries
Running queries...
Processed 50 queriesProcessed 100 queriesProcessed 150 queriesProcessed 200 queriesProcessed 250 queriesProcessed 300 queriesProcessed 350 queriesProcessed 400 queriesProcessed 450 queriesProcessed 500 queriesProcessed 550 queriesProcessed 600 queriesProcessed 650 queriesProcessed 700 queriesProcessed 750 queriesProcessed 800 queriesProcessed 850 queriesProcessed 900 queriesProcessed 950 queriesProcessed 1000 queries
=== Results ===
Total queries: 1000
Average recall@10: 0.8515
Average query time: 2.88 ms
Index build time: 152 seconds
