[cache] loaded base vectors from data_o/glove/base.txt.bin
Building index...
[solution] hardware_concurrency=32, using 32 threads
[solution] metric=l2, num_centroid=12288, kmean_iter=16, nprob=96
[build_from_memory] SoA conversion time: 438 ms
[finalize_build] iter 0 assign=11042 ms, update=259 ms
[finalize_build] iter 1 assign=7460 ms, update=250 ms
[finalize_build] iter 2 assign=7546 ms, update=248 ms
[finalize_build] iter 3 assign=7817 ms, update=249 ms
[finalize_build] iter 4 assign=11816 ms, update=254 ms
[finalize_build] iter 5 assign=8012 ms, update=250 ms
[finalize_build] iter 6 assign=7927 ms, update=251 ms
[finalize_build] iter 7 assign=8091 ms, update=266 ms
[finalize_build] iter 8 assign=11537 ms, update=248 ms
[finalize_build] iter 9 assign=7925 ms, update=247 ms
[finalize_build] iter 10 assign=7994 ms, update=251 ms
[finalize_build] iter 11 assign=8000 ms, update=249 ms
[finalize_build] iter 12 assign=11558 ms, update=251 ms
[finalize_build] iter 13 assign=8028 ms, update=255 ms
[finalize_build] iter 14 assign=8100 ms, update=250 ms
[finalize_build] iter 15 assign=8065 ms, update=245 ms
[finalize_build] total time: 153145 ms
Index built in 154 seconds
Loading queries and ground truth...
Loaded 1000 ground truth entries
Running queries...
Processed 50 queriesProcessed 100 queriesProcessed 150 queriesProcessed 200 queriesProcessed 250 queriesProcessed 300 queriesProcessed 350 queriesProcessed 400 queriesProcessed 450 queriesProcessed 500 queriesProcessed 550 queriesProcessed 600 queriesProcessed 650 queriesProcessed 700 queriesProcessed 750 queriesProcessed 800 queriesProcessed 850 queriesProcessed 900 queriesProcessed 950 queriesProcessed 1000 queries
=== Results ===
Total queries: 1000
Average recall@10: 0.8405
Average query time: 3.51 ms
Index build time: 154 seconds
