[cache] loaded base vectors from data_o/glove/base.txt.bin
Building index...
[solution] hardware_concurrency=32, using 32 threads
[solution] metric=l2, num_centroid=4096, kmean_iter=6, nprob=48
[build_from_memory] SoA conversion time: -296 ms
[finalize_build] iter 0 assign=2795 ms, update=107 ms
[finalize_build] iter 1 assign=2733 ms, update=105 ms
[finalize_build] iter 2 assign=2835 ms, update=107 ms
[finalize_build] iter 3 assign=2800 ms, update=105 ms
[finalize_build] iter 4 assign=2805 ms, update=102 ms
[finalize_build] iter 5 assign=2787 ms, update=108 ms
[finalize_build] total time: 20266 ms
Index built in 20 seconds
Loading queries and ground truth...
Loaded 1000 ground truth entries
Running queries...
Processed 50 queriesProcessed 100 queriesProcessed 150 queriesProcessed 200 queriesProcessed 250 queriesProcessed 300 queriesProcessed 350 queriesProcessed 400 queriesProcessed 450 queriesProcessed 500 queriesProcessed 550 queriesProcessed 600 queriesProcessed 650 queriesProcessed 700 queriesProcessed 750 queriesProcessed 800 queriesProcessed 850 queriesProcessed 900 queriesProcessed 950 queriesProcessed 1000 queries
=== Results ===
Total queries: 1000
Average recall@10: 0.8350
Average query time: 2.53 ms
Index build time: 20 seconds
