[cache] loaded base vectors from data_o/glove/base.txt.bin
Building index...
[solution] hardware_concurrency=32, using 32 threads
[solution] metric=l2, num_centroid=192, kmean_iter=16, nprob=128
[build_from_memory] SoA conversion time: 436 ms
[finalize_build] iter 0 assign=124 ms, update=20 ms
[finalize_build] iter 1 assign=119 ms, update=17 ms
[finalize_build] iter 2 assign=120 ms, update=17 ms
[finalize_build] iter 3 assign=128 ms, update=17 ms
[finalize_build] iter 4 assign=116 ms, update=15 ms
[finalize_build] iter 5 assign=127 ms, update=18 ms
[finalize_build] iter 6 assign=122 ms, update=15 ms
[finalize_build] iter 7 assign=114 ms, update=17 ms
[finalize_build] iter 8 assign=117 ms, update=17 ms
[finalize_build] iter 9 assign=115 ms, update=19 ms
[finalize_build] iter 10 assign=116 ms, update=18 ms
[finalize_build] iter 11 assign=114 ms, update=18 ms
[finalize_build] iter 12 assign=114 ms, update=17 ms
[finalize_build] iter 13 assign=128 ms, update=17 ms
[finalize_build] iter 14 assign=124 ms, update=21 ms
[finalize_build] iter 15 assign=124 ms, update=16 ms
[finalize_build] total time: 2355 ms
Index built in 3 seconds
Loading queries and ground truth...
Loaded 1000 ground truth entries
Running queries...
Processed 50 queriesProcessed 100 queriesProcessed 150 queriesProcessed 200 queriesProcessed 250 queriesProcessed 300 queriesProcessed 350 queriesProcessed 400 queriesProcessed 450 queriesProcessed 500 queriesProcessed 550 queriesProcessed 600 queriesProcessed 650 queriesProcessed 700 queriesProcessed 750 queriesProcessed 800 queriesProcessed 850 queriesProcessed 900 queriesProcessed 950 queriesProcessed 1000 queries
=== Results ===
Total queries: 1000
Average recall@10: 0.9981
Average query time: 26.28 ms
Index build time: 3 seconds
