[cache] loaded base vectors from data_o/glove/base.txt.bin
Building index...
[solution] hardware_concurrency=32, using 32 threads
[solution] metric=l2, num_centroid=8192, kmean_iter=16, nprob=96
[build_from_memory] SoA conversion time: 435 ms
[finalize_build] iter 0 assign=4994 ms, update=179 ms
[finalize_build] iter 1 assign=5039 ms, update=169 ms
[finalize_build] iter 2 assign=5095 ms, update=167 ms
[finalize_build] iter 3 assign=5070 ms, update=168 ms
[finalize_build] iter 4 assign=5180 ms, update=170 ms
[finalize_build] iter 5 assign=8740 ms, update=171 ms
[finalize_build] iter 6 assign=5189 ms, update=171 ms
[finalize_build] iter 7 assign=5133 ms, update=183 ms
[finalize_build] iter 8 assign=5191 ms, update=168 ms
[finalize_build] iter 9 assign=5227 ms, update=167 ms
[finalize_build] iter 10 assign=4987 ms, update=165 ms
[finalize_build] iter 11 assign=8769 ms, update=170 ms
[finalize_build] iter 12 assign=5264 ms, update=169 ms
[finalize_build] iter 13 assign=5146 ms, update=170 ms
[finalize_build] iter 14 assign=5256 ms, update=171 ms
[finalize_build] iter 15 assign=5212 ms, update=170 ms
[finalize_build] total time: 97488 ms
Index built in 98 seconds
Loading queries and ground truth...
Loaded 1000 ground truth entries
Running queries...
Processed 50 queriesProcessed 100 queriesProcessed 150 queriesProcessed 200 queriesProcessed 250 queriesProcessed 300 queriesProcessed 350 queriesProcessed 400 queriesProcessed 450 queriesProcessed 500 queriesProcessed 550 queriesProcessed 600 queriesProcessed 650 queriesProcessed 700 queriesProcessed 750 queriesProcessed 800 queriesProcessed 850 queriesProcessed 900 queriesProcessed 950 queriesProcessed 1000 queries
=== Results ===
Total queries: 1000
Average recall@10: 0.8592
Average query time: 2.91 ms
Index build time: 98 seconds
