[cache] loaded base vectors from data_o/glove/base.txt.bin
Building index...
[solution] hardware_concurrency=32, using 32 threads
[solution] metric=l2, num_centroid=6144, kmean_iter=16, nprob=64
[build_from_memory] SoA conversion time: 484 ms
[finalize_build] iter 0 assign=3621 ms, update=135 ms
[finalize_build] iter 1 assign=7155 ms, update=133 ms
[finalize_build] iter 2 assign=3664 ms, update=130 ms
[finalize_build] iter 3 assign=3659 ms, update=131 ms
[finalize_build] iter 4 assign=3674 ms, update=140 ms
[finalize_build] iter 5 assign=3745 ms, update=129 ms
[finalize_build] iter 6 assign=3714 ms, update=133 ms
[finalize_build] iter 7 assign=3686 ms, update=134 ms
[finalize_build] iter 8 assign=3981 ms, update=133 ms
[finalize_build] iter 9 assign=7373 ms, update=133 ms
[finalize_build] iter 10 assign=3776 ms, update=131 ms
[finalize_build] iter 11 assign=3802 ms, update=132 ms
[finalize_build] iter 12 assign=3818 ms, update=132 ms
[finalize_build] iter 13 assign=3798 ms, update=133 ms
[finalize_build] iter 14 assign=3869 ms, update=138 ms
[finalize_build] iter 15 assign=4019 ms, update=133 ms
[finalize_build] total time: 73513 ms
Index built in 74 seconds
Loading queries and ground truth...
Loaded 1000 ground truth entries
Running queries...
Processed 50 queriesProcessed 100 queriesProcessed 150 queriesProcessed 200 queriesProcessed 250 queriesProcessed 300 queriesProcessed 350 queriesProcessed 400 queriesProcessed 450 queriesProcessed 500 queriesProcessed 550 queriesProcessed 600 queriesProcessed 650 queriesProcessed 700 queriesProcessed 750 queriesProcessed 800 queriesProcessed 850 queriesProcessed 900 queriesProcessed 950 queriesProcessed 1000 queries
=== Results ===
Total queries: 1000
Average recall@10: 0.8437
Average query time: 6.47 ms
Index build time: 74 seconds
