[cache] loaded base vectors from data_o/glove/base.txt.bin
Building index...
[solution] hardware_concurrency=32, using 32 threads
[solution] metric=l2, num_centroid=32768, kmean_iter=16, nprob=112
[build_from_memory] SoA conversion time: 399 ms
[finalize_build] iter 0 assign=21620 ms, update=598 ms
[finalize_build] iter 1 assign=24671 ms, update=574 ms
[finalize_build] iter 2 assign=24562 ms, update=593 ms
[finalize_build] iter 3 assign=21976 ms, update=572 ms
[finalize_build] iter 4 assign=24835 ms, update=579 ms
[finalize_build] iter 5 assign=24957 ms, update=570 ms
[finalize_build] iter 6 assign=24615 ms, update=554 ms
[finalize_build] iter 7 assign=22144 ms, update=583 ms
[finalize_build] iter 8 assign=25193 ms, update=590 ms
[finalize_build] iter 9 assign=24956 ms, update=609 ms
[finalize_build] iter 10 assign=22443 ms, update=595 ms
[finalize_build] iter 11 assign=25311 ms, update=590 ms
[finalize_build] iter 12 assign=24991 ms, update=588 ms
[finalize_build] iter 13 assign=22262 ms, update=3525 ms
[finalize_build] iter 14 assign=22675 ms, update=585 ms
[finalize_build] iter 15 assign=25710 ms, update=588 ms
[finalize_build] total time: 420357 ms
Index built in 421 seconds
Loading queries and ground truth...
Loaded 1000 ground truth entries
Running queries...
Processed 50 queriesProcessed 100 queriesProcessed 150 queriesProcessed 200 queriesProcessed 250 queriesProcessed 300 queriesProcessed 350 queriesProcessed 400 queriesProcessed 450 queriesProcessed 500 queriesProcessed 550 queriesProcessed 600 queriesProcessed 650 queriesProcessed 700 queriesProcessed 750 queriesProcessed 800 queriesProcessed 850 queriesProcessed 900 queriesProcessed 950 queriesProcessed 1000 queries
=== Results ===
Total queries: 1000
Average recall@10: 0.8244
Average query time: 4.28 ms
Index build time: 421 seconds
