[cache] loaded base vectors from data_o/glove/base.txt.bin
Building index...
[solution] hardware_concurrency=32, using 32 threads
[solution] metric=l2, num_centroid=5120, kmean_iter=6, nprob=64
[build_from_memory] SoA conversion time: 538 ms
[finalize_build] iter 0 assign=2813 ms, update=142 ms
[finalize_build] iter 1 assign=3725 ms, update=133 ms
[finalize_build] iter 2 assign=3670 ms, update=132 ms
[finalize_build] iter 3 assign=3572 ms, update=136 ms
[finalize_build] iter 4 assign=3634 ms, update=136 ms
[finalize_build] iter 5 assign=3628 ms, update=135 ms
[finalize_build] total time: 25575 ms
Index built in 26 seconds
Loading queries and ground truth...
Loaded 1000 ground truth entries
Running queries...
Processed 50 queriesProcessed 100 queriesProcessed 150 queriesProcessed 200 queriesProcessed 250 queriesProcessed 300 queriesProcessed 350 queriesProcessed 400 queriesProcessed 450 queriesProcessed 500 queriesProcessed 550 queriesProcessed 600 queriesProcessed 650 queriesProcessed 700 queriesProcessed 750 queriesProcessed 800 queriesProcessed 850 queriesProcessed 900 queriesProcessed 950 queriesProcessed 1000 queries
=== Results ===
Total queries: 1000
Average recall@10: 0.8453
Average query time: 3.29 ms
Index build time: 26 seconds
