[cache] loaded base vectors from data_o/glove/base.txt.bin
Building index...
[solution] hardware_concurrency=32, using 32 threads
[solution] metric=l2, num_centroid=5120, kmean_iter=6, nprob=80
[build_from_memory] SoA conversion time: 502 ms
[finalize_build] iter 0 assign=3508 ms, update=125 ms
[finalize_build] iter 1 assign=3508 ms, update=133 ms
[finalize_build] iter 2 assign=3493 ms, update=144 ms
[finalize_build] iter 3 assign=3617 ms, update=144 ms
[finalize_build] iter 4 assign=2621 ms, update=136 ms
[finalize_build] iter 5 assign=3548 ms, update=129 ms
[finalize_build] total time: 24683 ms
Index built in 25 seconds
Loading queries and ground truth...
Loaded 1000 ground truth entries
Running queries...
Processed 50 queriesProcessed 100 queriesProcessed 150 queriesProcessed 200 queriesProcessed 250 queriesProcessed 300 queriesProcessed 350 queriesProcessed 400 queriesProcessed 450 queriesProcessed 500 queriesProcessed 550 queriesProcessed 600 queriesProcessed 650 queriesProcessed 700 queriesProcessed 750 queriesProcessed 800 queriesProcessed 850 queriesProcessed 900 queriesProcessed 950 queriesProcessed 1000 queries
=== Results ===
Total queries: 1000
Average recall@10: 0.8635
Average query time: 2.91 ms
Index build time: 25 seconds
