[cache] loaded base vectors from data_o/glove/base.txt.bin
Building index...
[solution] hardware_concurrency=32, using 32 threads
[solution] metric=l2, num_centroid=20480, kmean_iter=16, nprob=112
[build_from_memory] SoA conversion time: 456 ms
[finalize_build] iter 0 assign=13382 ms, update=386 ms
[finalize_build] iter 1 assign=13617 ms, update=403 ms
[finalize_build] iter 2 assign=17930 ms, update=401 ms
[finalize_build] iter 3 assign=13700 ms, update=394 ms
[finalize_build] iter 4 assign=16800 ms, update=401 ms
[finalize_build] iter 5 assign=13795 ms, update=392 ms
[finalize_build] iter 6 assign=13839 ms, update=393 ms
[finalize_build] iter 7 assign=16817 ms, update=393 ms
[finalize_build] iter 8 assign=13970 ms, update=390 ms
[finalize_build] iter 9 assign=16498 ms, update=382 ms
[finalize_build] iter 10 assign=13782 ms, update=391 ms
[finalize_build] iter 11 assign=16510 ms, update=390 ms
[finalize_build] iter 12 assign=13872 ms, update=387 ms
[finalize_build] iter 13 assign=16693 ms, update=392 ms
[finalize_build] iter 14 assign=14143 ms, update=378 ms
[finalize_build] iter 15 assign=13660 ms, update=379 ms
[finalize_build] total time: 261660 ms
Index built in 262 seconds
Loading queries and ground truth...
Loaded 1000 ground truth entries
Running queries...
Processed 50 queriesProcessed 100 queriesProcessed 150 queriesProcessed 200 queriesProcessed 250 queriesProcessed 300 queriesProcessed 350 queriesProcessed 400 queriesProcessed 450 queriesProcessed 500 queriesProcessed 550 queriesProcessed 600 queriesProcessed 650 queriesProcessed 700 queriesProcessed 750 queriesProcessed 800 queriesProcessed 850 queriesProcessed 900 queriesProcessed 950 queriesProcessed 1000 queries
=== Results ===
Total queries: 1000
Average recall@10: 0.8418
Average query time: 3.11 ms
Index build time: 262 seconds
