[cache] loaded base vectors from data_o/glove/base.txt.bin
Building index...
[solution] hardware_concurrency=32, using 32 threads
[solution] metric=l2, num_centroid=12288, kmean_iter=6, nprob=80
[build_from_memory] SoA conversion time: 618 ms
[finalize_build] iter 0 assign=8490 ms, update=301 ms
[finalize_build] iter 1 assign=8603 ms, update=286 ms
[finalize_build] iter 2 assign=7753 ms, update=292 ms
[finalize_build] iter 3 assign=8747 ms, update=299 ms
[finalize_build] iter 4 assign=8670 ms, update=283 ms
[finalize_build] iter 5 assign=8754 ms, update=287 ms
[finalize_build] total time: 60869 ms
Index built in 61 seconds
Loading queries and ground truth...
Loaded 1000 ground truth entries
Running queries...
Processed 50 queriesProcessed 100 queriesProcessed 150 queriesProcessed 200 queriesProcessed 250 queriesProcessed 300 queriesProcessed 350 queriesProcessed 400 queriesProcessed 450 queriesProcessed 500 queriesProcessed 550 queriesProcessed 600 queriesProcessed 650 queriesProcessed 700 queriesProcessed 750 queriesProcessed 800 queriesProcessed 850 queriesProcessed 900 queriesProcessed 950 queriesProcessed 1000 queries
=== Results ===
Total queries: 1000
Average recall@10: 0.8185
Average query time: 3.18 ms
Index build time: 61 seconds
