[cache] loaded base vectors from data_o/glove/base.txt.bin
Building index...
[solution] hardware_concurrency=32, using 32 threads
[solution] metric=l2, num_centroid=256, kmean_iter=6, nprob=64
[build_from_memory] SoA conversion time: 523 ms
[finalize_build] iter 0 assign=172 ms, update=24 ms
[finalize_build] iter 1 assign=174 ms, update=21 ms
[finalize_build] iter 2 assign=176 ms, update=21 ms
[finalize_build] iter 3 assign=165 ms, update=21 ms
[finalize_build] iter 4 assign=177 ms, update=22 ms
[finalize_build] iter 5 assign=166 ms, update=24 ms
[finalize_build] total time: 1360 ms
Index built in 2 seconds
Loading queries and ground truth...
Loaded 1000 ground truth entries
Running queries...
Processed 50 queriesProcessed 100 queriesProcessed 150 queriesProcessed 200 queriesProcessed 250 queriesProcessed 300 queriesProcessed 350 queriesProcessed 400 queriesProcessed 450 queriesProcessed 500 queriesProcessed 550 queriesProcessed 600 queriesProcessed 650 queriesProcessed 700 queriesProcessed 750 queriesProcessed 800 queriesProcessed 850 queriesProcessed 900 queriesProcessed 950 queriesProcessed 1000 queries
=== Results ===
Total queries: 1000
Average recall@10: 0.9703
Average query time: 9.80 ms
Index build time: 2 seconds
