[cache] loaded base vectors from data_o/glove/base.txt.bin
Building index...
[solution] hardware_concurrency=32, using 32 threads
[solution] metric=l2, num_centroid=8192, kmean_iter=16, nprob=112
[build_from_memory] SoA conversion time: 652 ms
[finalize_build] iter 0 assign=5039 ms, update=169 ms
[finalize_build] iter 1 assign=5147 ms, update=174 ms
[finalize_build] iter 2 assign=5143 ms, update=177 ms
[finalize_build] iter 3 assign=5114 ms, update=178 ms
[finalize_build] iter 4 assign=5206 ms, update=175 ms
[finalize_build] iter 5 assign=5252 ms, update=177 ms
[finalize_build] iter 6 assign=9451 ms, update=194 ms
[finalize_build] iter 7 assign=5387 ms, update=188 ms
[finalize_build] iter 8 assign=5361 ms, update=172 ms
[finalize_build] iter 9 assign=5251 ms, update=185 ms
[finalize_build] iter 10 assign=5281 ms, update=178 ms
[finalize_build] iter 11 assign=5345 ms, update=187 ms
[finalize_build] iter 12 assign=7925 ms, update=186 ms
[finalize_build] iter 13 assign=5441 ms, update=188 ms
[finalize_build] iter 14 assign=5395 ms, update=179 ms
[finalize_build] iter 15 assign=5300 ms, update=175 ms
[finalize_build] total time: 99365 ms
Index built in 100 seconds
Loading queries and ground truth...
Loaded 1000 ground truth entries
Running queries...
Processed 50 queriesProcessed 100 queriesProcessed 150 queriesProcessed 200 queriesProcessed 250 queriesProcessed 300 queriesProcessed 350 queriesProcessed 400 queriesProcessed 450 queriesProcessed 500 queriesProcessed 550 queriesProcessed 600 queriesProcessed 650 queriesProcessed 700 queriesProcessed 750 queriesProcessed 800 queriesProcessed 850 queriesProcessed 900 queriesProcessed 950 queriesProcessed 1000 queries
=== Results ===
Total queries: 1000
Average recall@10: 0.8673
Average query time: 2.92 ms
Index build time: 100 seconds
