[cache] loaded base vectors from data_o/glove/base.txt.bin
Building index...
[solution] hardware_concurrency=32, using 32 threads
[solution] metric=l2, num_centroid=8192, kmean_iter=16, nprob=64
[build_from_memory] SoA conversion time: 380 ms
[finalize_build] iter 0 assign=8501 ms, update=175 ms
[finalize_build] iter 1 assign=4958 ms, update=172 ms
[finalize_build] iter 2 assign=5055 ms, update=171 ms
[finalize_build] iter 3 assign=5043 ms, update=168 ms
[finalize_build] iter 4 assign=5107 ms, update=171 ms
[finalize_build] iter 5 assign=5141 ms, update=179 ms
[finalize_build] iter 6 assign=8540 ms, update=167 ms
[finalize_build] iter 7 assign=5259 ms, update=167 ms
[finalize_build] iter 8 assign=5138 ms, update=170 ms
[finalize_build] iter 9 assign=5230 ms, update=165 ms
[finalize_build] iter 10 assign=5152 ms, update=164 ms
[finalize_build] iter 11 assign=5184 ms, update=166 ms
[finalize_build] iter 12 assign=8789 ms, update=173 ms
[finalize_build] iter 13 assign=5326 ms, update=173 ms
[finalize_build] iter 14 assign=5263 ms, update=173 ms
[finalize_build] iter 15 assign=5353 ms, update=168 ms
[finalize_build] total time: 101093 ms
Index built in 101 seconds
Loading queries and ground truth...
Loaded 1000 ground truth entries
Running queries...
Processed 50 queriesProcessed 100 queriesProcessed 150 queriesProcessed 200 queriesProcessed 250 queriesProcessed 300 queriesProcessed 350 queriesProcessed 400 queriesProcessed 450 queriesProcessed 500 queriesProcessed 550 queriesProcessed 600 queriesProcessed 650 queriesProcessed 700 queriesProcessed 750 queriesProcessed 800 queriesProcessed 850 queriesProcessed 900 queriesProcessed 950 queriesProcessed 1000 queries
=== Results ===
Total queries: 1000
Average recall@10: 0.8272
Average query time: 2.81 ms
Index build time: 101 seconds
