[cache] loaded base vectors from data_o/glove/base.txt.bin
Building index...
[solution] hardware_concurrency=32, using 32 threads
[solution] metric=l2, num_centroid=65536, kmean_iter=6, nprob=144
[build_from_memory] SoA conversion time: 447 ms
[finalize_build] iter 0 assign=46808 ms, update=1067 ms
[finalize_build] iter 1 assign=47312 ms, update=1261 ms
[finalize_build] iter 2 assign=46348 ms, update=1290 ms
[finalize_build] iter 3 assign=47120 ms, update=1258 ms
[finalize_build] iter 4 assign=46597 ms, update=1307 ms
[finalize_build] iter 5 assign=46445 ms, update=1274 ms
[finalize_build] total time: 336171 ms
Index built in 337 seconds
Loading queries and ground truth...
Loaded 1000 ground truth entries
Running queries...
Processed 50 queriesProcessed 100 queriesProcessed 150 queriesProcessed 200 queriesProcessed 250 queriesProcessed 300 queriesProcessed 350 queriesProcessed 400 queriesProcessed 450 queriesProcessed 500 queriesProcessed 550 queriesProcessed 600 queriesProcessed 650 queriesProcessed 700 queriesProcessed 750 queriesProcessed 800 queriesProcessed 850 queriesProcessed 900 queriesProcessed 950 queriesProcessed 1000 queries
=== Results ===
Total queries: 1000
Average recall@10: 0.8291
Average query time: 8.11 ms
Index build time: 337 seconds
