[cache] loaded base vectors from data_o/glove/base.txt.bin
Building index...
[solution] hardware_concurrency=32, using 32 threads
[solution] metric=l2, num_centroid=1536, kmean_iter=16, nprob=96
[build_from_memory] SoA conversion time: 428 ms
[finalize_build] iter 0 assign=927 ms, update=38 ms
[finalize_build] iter 1 assign=883 ms, update=22 ms
[finalize_build] iter 2 assign=880 ms, update=22 ms
[finalize_build] iter 3 assign=913 ms, update=22 ms
[finalize_build] iter 4 assign=905 ms, update=21 ms
[finalize_build] iter 5 assign=906 ms, update=22 ms
[finalize_build] iter 6 assign=904 ms, update=21 ms
[finalize_build] iter 7 assign=914 ms, update=20 ms
[finalize_build] iter 8 assign=886 ms, update=22 ms
[finalize_build] iter 9 assign=890 ms, update=22 ms
[finalize_build] iter 10 assign=912 ms, update=20 ms
[finalize_build] iter 11 assign=4494 ms, update=21 ms
[finalize_build] iter 12 assign=902 ms, update=23 ms
[finalize_build] iter 13 assign=893 ms, update=21 ms
[finalize_build] iter 14 assign=895 ms, update=23 ms
[finalize_build] iter 15 assign=902 ms, update=20 ms
[finalize_build] total time: 19293 ms
Index built in 19 seconds
Loading queries and ground truth...
Loaded 1000 ground truth entries
Running queries...
Processed 50 queriesProcessed 100 queriesProcessed 150 queriesProcessed 200 queriesProcessed 250 queriesProcessed 300 queriesProcessed 350 queriesProcessed 400 queriesProcessed 450 queriesProcessed 500 queriesProcessed 550 queriesProcessed 600 queriesProcessed 650 queriesProcessed 700 queriesProcessed 750 queriesProcessed 800 queriesProcessed 850 queriesProcessed 900 queriesProcessed 950 queriesProcessed 1000 queries
=== Results ===
Total queries: 1000
Average recall@10: 0.9256
Average query time: 3.24 ms
Index build time: 19 seconds
