[cache] loaded base vectors from data_o/glove/base.txt.bin
Building index...
[solution] hardware_concurrency=32, using 32 threads
[solution] metric=l2, num_centroid=512, kmean_iter=6, nprob=48
[build_from_memory] SoA conversion time: 488 ms
[finalize_build] iter 0 assign=318 ms, update=27 ms
[finalize_build] iter 1 assign=333 ms, update=22 ms
[finalize_build] iter 2 assign=339 ms, update=23 ms
[finalize_build] iter 3 assign=329 ms, update=27 ms
[finalize_build] iter 4 assign=324 ms, update=22 ms
[finalize_build] iter 5 assign=316 ms, update=23 ms
[finalize_build] total time: 2462 ms
Index built in 3 seconds
Loading queries and ground truth...
Loaded 1000 ground truth entries
Running queries...
Processed 50 queriesProcessed 100 queriesProcessed 150 queriesProcessed 200 queriesProcessed 250 queriesProcessed 300 queriesProcessed 350 queriesProcessed 400 queriesProcessed 450 queriesProcessed 500 queriesProcessed 550 queriesProcessed 600 queriesProcessed 650 queriesProcessed 700 queriesProcessed 750 queriesProcessed 800 queriesProcessed 850 queriesProcessed 900 queriesProcessed 950 queriesProcessed 1000 queries
=== Results ===
Total queries: 1000
Average recall@10: 0.9311
Average query time: 4.40 ms
Index build time: 3 seconds
