[cache] loaded base vectors from data_o/glove/base.txt.bin
Building index...
[solution] hardware_concurrency=32, using 32 threads
[solution] metric=l2, num_centroid=2048, kmean_iter=16, nprob=112
[build_from_memory] SoA conversion time: 490 ms
[finalize_build] iter 0 assign=1323 ms, update=56 ms
[finalize_build] iter 1 assign=1401 ms, update=30 ms
[finalize_build] iter 2 assign=1402 ms, update=28 ms
[finalize_build] iter 3 assign=1498 ms, update=28 ms
[finalize_build] iter 4 assign=1378 ms, update=29 ms
[finalize_build] iter 5 assign=1345 ms, update=28 ms
[finalize_build] iter 6 assign=1444 ms, update=34 ms
[finalize_build] iter 7 assign=1448 ms, update=30 ms
[finalize_build] iter 8 assign=1419 ms, update=37 ms
[finalize_build] iter 9 assign=1281 ms, update=25 ms
[finalize_build] iter 10 assign=1260 ms, update=25 ms
[finalize_build] iter 11 assign=1275 ms, update=28 ms
[finalize_build] iter 12 assign=1306 ms, update=27 ms
[finalize_build] iter 13 assign=1307 ms, update=24 ms
[finalize_build] iter 14 assign=1303 ms, update=23 ms
[finalize_build] iter 15 assign=1305 ms, update=23 ms
[finalize_build] total time: 23519 ms
Index built in 24 seconds
Loading queries and ground truth...
Loaded 1000 ground truth entries
Running queries...
Processed 50 queriesProcessed 100 queriesProcessed 150 queriesProcessed 200 queriesProcessed 250 queriesProcessed 300 queriesProcessed 350 queriesProcessed 400 queriesProcessed 450 queriesProcessed 500 queriesProcessed 550 queriesProcessed 600 queriesProcessed 650 queriesProcessed 700 queriesProcessed 750 queriesProcessed 800 queriesProcessed 850 queriesProcessed 900 queriesProcessed 950 queriesProcessed 1000 queries
=== Results ===
Total queries: 1000
Average recall@10: 0.9254
Average query time: 3.13 ms
Index build time: 24 seconds
