[cache] loaded base vectors from data_o/glove/base.txt.bin
Building index...
[solution] hardware_concurrency=32, using 32 threads
[solution] metric=l2, num_centroid=2048, kmean_iter=16, nprob=48
[build_from_memory] SoA conversion time: 413 ms
[finalize_build] iter 0 assign=1272 ms, update=48 ms
[finalize_build] iter 1 assign=1366 ms, update=38 ms
[finalize_build] iter 2 assign=4116 ms, update=33 ms
[finalize_build] iter 3 assign=1311 ms, update=26 ms
[finalize_build] iter 4 assign=1279 ms, update=28 ms
[finalize_build] iter 5 assign=1309 ms, update=27 ms
[finalize_build] iter 6 assign=1343 ms, update=30 ms
[finalize_build] iter 7 assign=1305 ms, update=31 ms
[finalize_build] iter 8 assign=1329 ms, update=29 ms
[finalize_build] iter 9 assign=1343 ms, update=31 ms
[finalize_build] iter 10 assign=1337 ms, update=30 ms
[finalize_build] iter 11 assign=1317 ms, update=29 ms
[finalize_build] iter 12 assign=1324 ms, update=27 ms
[finalize_build] iter 13 assign=1332 ms, update=27 ms
[finalize_build] iter 14 assign=1344 ms, update=27 ms
[finalize_build] iter 15 assign=1344 ms, update=32 ms
[finalize_build] total time: 25857 ms
Index built in 26 seconds
Loading queries and ground truth...
Loaded 1000 ground truth entries
Running queries...
Processed 50 queriesProcessed 100 queriesProcessed 150 queriesProcessed 200 queriesProcessed 250 queriesProcessed 300 queriesProcessed 350 queriesProcessed 400 queriesProcessed 450 queriesProcessed 500 queriesProcessed 550 queriesProcessed 600 queriesProcessed 650 queriesProcessed 700 queriesProcessed 750 queriesProcessed 800 queriesProcessed 850 queriesProcessed 900 queriesProcessed 950 queriesProcessed 1000 queries
=== Results ===
Total queries: 1000
Average recall@10: 0.8740
Average query time: 2.59 ms
Index build time: 26 seconds
