[cache] loaded base vectors from data_o/glove/base.txt.bin
Building index...
[solution] hardware_concurrency=32, using 32 threads
[solution] metric=l2, num_centroid=14336, kmean_iter=6, nprob=112
[build_from_memory] SoA conversion time: 470 ms
[finalize_build] iter 0 assign=10078 ms, update=299 ms
[finalize_build] iter 1 assign=9082 ms, update=308 ms
[finalize_build] iter 2 assign=10040 ms, update=306 ms
[finalize_build] iter 3 assign=10054 ms, update=311 ms
[finalize_build] iter 4 assign=9029 ms, update=308 ms
[finalize_build] iter 5 assign=10151 ms, update=307 ms
[finalize_build] total time: 70434 ms
Index built in 71 seconds
Loading queries and ground truth...
Loaded 1000 ground truth entries
Running queries...
Processed 50 queriesProcessed 100 queriesProcessed 150 queriesProcessed 200 queriesProcessed 250 queriesProcessed 300 queriesProcessed 350 queriesProcessed 400 queriesProcessed 450 queriesProcessed 500 queriesProcessed 550 queriesProcessed 600 queriesProcessed 650 queriesProcessed 700 queriesProcessed 750 queriesProcessed 800 queriesProcessed 850 queriesProcessed 900 queriesProcessed 950 queriesProcessed 1000 queries
=== Results ===
Total queries: 1000
Average recall@10: 0.8477
Average query time: 3.38 ms
Index build time: 71 seconds
