[cache] loaded base vectors from data_o/glove/base.txt.bin
Building index...
[solution] hardware_concurrency=32, using 32 threads
[solution] metric=l2, num_centroid=18432, kmean_iter=16, nprob=96
[build_from_memory] SoA conversion time: 443 ms
[finalize_build] iter 0 assign=11905 ms, update=337 ms
[finalize_build] iter 1 assign=15625 ms, update=340 ms
[finalize_build] iter 2 assign=11977 ms, update=337 ms
[finalize_build] iter 3 assign=12159 ms, update=345 ms
[finalize_build] iter 4 assign=15794 ms, update=345 ms
[finalize_build] iter 5 assign=12151 ms, update=342 ms
[finalize_build] iter 6 assign=15776 ms, update=353 ms
[finalize_build] iter 7 assign=12103 ms, update=344 ms
[finalize_build] iter 8 assign=12192 ms, update=348 ms
[finalize_build] iter 9 assign=15783 ms, update=343 ms
[finalize_build] iter 10 assign=12196 ms, update=347 ms
[finalize_build] iter 11 assign=12225 ms, update=353 ms
[finalize_build] iter 12 assign=15819 ms, update=347 ms
[finalize_build] iter 13 assign=12281 ms, update=346 ms
[finalize_build] iter 14 assign=15683 ms, update=352 ms
[finalize_build] iter 15 assign=12283 ms, update=343 ms
[finalize_build] total time: 233855 ms
Index built in 234 seconds
Loading queries and ground truth...
Loaded 1000 ground truth entries
Running queries...
Processed 50 queriesProcessed 100 queriesProcessed 150 queriesProcessed 200 queriesProcessed 250 queriesProcessed 300 queriesProcessed 350 queriesProcessed 400 queriesProcessed 450 queriesProcessed 500 queriesProcessed 550 queriesProcessed 600 queriesProcessed 650 queriesProcessed 700 queriesProcessed 750 queriesProcessed 800 queriesProcessed 850 queriesProcessed 900 queriesProcessed 950 queriesProcessed 1000 queries
=== Results ===
Total queries: 1000
Average recall@10: 0.8270
Average query time: 6.93 ms
Index build time: 234 seconds
