[cache] loaded base vectors from data_o/glove/base.txt.bin
Building index...
[solution] hardware_concurrency=32, using 32 threads
[solution] metric=l2, num_centroid=20480, kmean_iter=6, nprob=144
[build_from_memory] SoA conversion time: 448 ms
[finalize_build] iter 0 assign=15715 ms, update=437 ms
[finalize_build] iter 1 assign=14525 ms, update=431 ms
[finalize_build] iter 2 assign=16144 ms, update=434 ms
[finalize_build] iter 3 assign=14695 ms, update=432 ms
[finalize_build] iter 4 assign=15870 ms, update=436 ms
[finalize_build] iter 5 assign=14644 ms, update=434 ms
[finalize_build] total time: 110498 ms
Index built in 111 seconds
Loading queries and ground truth...
Loaded 1000 ground truth entries
Running queries...
Processed 50 queriesProcessed 100 queriesProcessed 150 queriesProcessed 200 queriesProcessed 250 queriesProcessed 300 queriesProcessed 350 queriesProcessed 400 queriesProcessed 450 queriesProcessed 500 queriesProcessed 550 queriesProcessed 600 queriesProcessed 650 queriesProcessed 700 queriesProcessed 750 queriesProcessed 800 queriesProcessed 850 queriesProcessed 900 queriesProcessed 950 queriesProcessed 1000 queries
=== Results ===
Total queries: 1000
Average recall@10: 0.8527
Average query time: 4.10 ms
Index build time: 111 seconds
