[cache] loaded base vectors from data_o/glove/base.txt.bin
Building index...
[solution] hardware_concurrency=32, using 32 threads
[solution] metric=l2, num_centroid=14336, kmean_iter=16, nprob=112
[build_from_memory] SoA conversion time: 414 ms
[finalize_build] iter 0 assign=9048 ms, update=3148 ms
[finalize_build] iter 1 assign=9562 ms, update=273 ms
[finalize_build] iter 2 assign=9221 ms, update=278 ms
[finalize_build] iter 3 assign=9186 ms, update=270 ms
[finalize_build] iter 4 assign=11959 ms, update=279 ms
[finalize_build] iter 5 assign=9335 ms, update=280 ms
[finalize_build] iter 6 assign=9413 ms, update=281 ms
[finalize_build] iter 7 assign=12589 ms, update=298 ms
[finalize_build] iter 8 assign=9690 ms, update=278 ms
[finalize_build] iter 9 assign=9452 ms, update=277 ms
[finalize_build] iter 10 assign=11688 ms, update=283 ms
[finalize_build] iter 11 assign=9384 ms, update=276 ms
[finalize_build] iter 12 assign=9455 ms, update=279 ms
[finalize_build] iter 13 assign=9473 ms, update=282 ms
[finalize_build] iter 14 assign=12859 ms, update=294 ms
[finalize_build] iter 15 assign=9455 ms, update=276 ms
[finalize_build] total time: 178655 ms
Index built in 179 seconds
Loading queries and ground truth...
Loaded 1000 ground truth entries
Running queries...
Processed 50 queriesProcessed 100 queriesProcessed 150 queriesProcessed 200 queriesProcessed 250 queriesProcessed 300 queriesProcessed 350 queriesProcessed 400 queriesProcessed 450 queriesProcessed 500 queriesProcessed 550 queriesProcessed 600 queriesProcessed 650 queriesProcessed 700 queriesProcessed 750 queriesProcessed 800 queriesProcessed 850 queriesProcessed 900 queriesProcessed 950 queriesProcessed 1000 queries
=== Results ===
Total queries: 1000
Average recall@10: 0.8483
Average query time: 2.95 ms
Index build time: 179 seconds
