[cache] loaded base vectors from data_o/glove/base.txt.bin
Building index...
[solution] hardware_concurrency=32, using 32 threads
[solution] metric=l2, num_centroid=16384, kmean_iter=6, nprob=128
[build_from_memory] SoA conversion time: 474 ms
[finalize_build] iter 0 assign=11668 ms, update=364 ms
[finalize_build] iter 1 assign=10693 ms, update=371 ms
[finalize_build] iter 2 assign=11784 ms, update=374 ms
[finalize_build] iter 3 assign=11715 ms, update=358 ms
[finalize_build] iter 4 assign=10807 ms, update=365 ms
[finalize_build] iter 5 assign=11751 ms, update=383 ms
[finalize_build] total time: 81644 ms
Index built in 82 seconds
Loading queries and ground truth...
Loaded 1000 ground truth entries
Running queries...
Processed 50 queriesProcessed 100 queriesProcessed 150 queriesProcessed 200 queriesProcessed 250 queriesProcessed 300 queriesProcessed 350 queriesProcessed 400 queriesProcessed 450 queriesProcessed 500 queriesProcessed 550 queriesProcessed 600 queriesProcessed 650 queriesProcessed 700 queriesProcessed 750 queriesProcessed 800 queriesProcessed 850 queriesProcessed 900 queriesProcessed 950 queriesProcessed 1000 queries
=== Results ===
Total queries: 1000
Average recall@10: 0.8488
Average query time: 3.85 ms
Index build time: 82 seconds
