[cache] loaded base vectors from data_o/glove/base.txt.bin
Building index...
[solution] hardware_concurrency=32, using 32 threads
[solution] metric=l2, num_centroid=5120, kmean_iter=6, nprob=128
[build_from_memory] SoA conversion time: 472 ms
[finalize_build] iter 0 assign=3549 ms, update=135 ms
[finalize_build] iter 1 assign=3526 ms, update=124 ms
[finalize_build] iter 2 assign=3528 ms, update=137 ms
[finalize_build] iter 3 assign=3569 ms, update=-976 ms
[finalize_build] iter 4 assign=3511 ms, update=128 ms
[finalize_build] iter 5 assign=3604 ms, update=131 ms
[finalize_build] total time: 24564 ms
Index built in 25 seconds
Loading queries and ground truth...
Loaded 1000 ground truth entries
Running queries...
Processed 50 queriesProcessed 100 queriesProcessed 150 queriesProcessed 200 queriesProcessed 250 queriesProcessed 300 queriesProcessed 350 queriesProcessed 400 queriesProcessed 450 queriesProcessed 500 queriesProcessed 550 queriesProcessed 600 queriesProcessed 650 queriesProcessed 700 queriesProcessed 750 queriesProcessed 800 queriesProcessed 850 queriesProcessed 900 queriesProcessed 950 queriesProcessed 1000 queries
=== Results ===
Total queries: 1000
Average recall@10: 0.8922
Average query time: 3.49 ms
Index build time: 25 seconds
