[cache] loaded base vectors from data_o/glove/base.txt.bin
Building index...
[solution] hardware_concurrency=32, using 32 threads
[solution] metric=l2, num_centroid=2048, kmean_iter=16, nprob=64
[build_from_memory] SoA conversion time: 404 ms
[finalize_build] iter 0 assign=1115 ms, update=48 ms
[finalize_build] iter 1 assign=1190 ms, update=25 ms
[finalize_build] iter 2 assign=1136 ms, update=28 ms
[finalize_build] iter 3 assign=1155 ms, update=24 ms
[finalize_build] iter 4 assign=1117 ms, update=27 ms
[finalize_build] iter 5 assign=1145 ms, update=27 ms
[finalize_build] iter 6 assign=1139 ms, update=24 ms
[finalize_build] iter 7 assign=1144 ms, update=24 ms
[finalize_build] iter 8 assign=4624 ms, update=24 ms
[finalize_build] iter 9 assign=1166 ms, update=24 ms
[finalize_build] iter 10 assign=1130 ms, update=25 ms
[finalize_build] iter 11 assign=1140 ms, update=25 ms
[finalize_build] iter 12 assign=1136 ms, update=23 ms
[finalize_build] iter 13 assign=1155 ms, update=26 ms
[finalize_build] iter 14 assign=1152 ms, update=26 ms
[finalize_build] iter 15 assign=1183 ms, update=26 ms
[finalize_build] total time: 23441 ms
Index built in 24 seconds
Loading queries and ground truth...
Loaded 1000 ground truth entries
Running queries...
Processed 50 queriesProcessed 100 queriesProcessed 150 queriesProcessed 200 queriesProcessed 250 queriesProcessed 300 queriesProcessed 350 queriesProcessed 400 queriesProcessed 450 queriesProcessed 500 queriesProcessed 550 queriesProcessed 600 queriesProcessed 650 queriesProcessed 700 queriesProcessed 750 queriesProcessed 800 queriesProcessed 850 queriesProcessed 900 queriesProcessed 950 queriesProcessed 1000 queries
=== Results ===
Total queries: 1000
Average recall@10: 0.8922
Average query time: 2.92 ms
Index build time: 24 seconds
