[cache] loaded base vectors from data_o/glove/base.txt.bin
Building index...
[solution] hardware_concurrency=32, using 32 threads
[solution] metric=l2, num_centroid=2048, kmean_iter=6, nprob=32
[build_from_memory] SoA conversion time: 487 ms
[finalize_build] iter 0 assign=1272 ms, update=52 ms
[finalize_build] iter 1 assign=1302 ms, update=27 ms
[finalize_build] iter 2 assign=1332 ms, update=33 ms
[finalize_build] iter 3 assign=1359 ms, update=30 ms
[finalize_build] iter 4 assign=1322 ms, update=29 ms
[finalize_build] iter 5 assign=1352 ms, update=34 ms
[finalize_build] total time: 9508 ms
Index built in 10 seconds
Loading queries and ground truth...
Loaded 1000 ground truth entries
Running queries...
Processed 50 queriesProcessed 100 queriesProcessed 150 queriesProcessed 200 queriesProcessed 250 queriesProcessed 300 queriesProcessed 350 queriesProcessed 400 queriesProcessed 450 queriesProcessed 500 queriesProcessed 550 queriesProcessed 600 queriesProcessed 650 queriesProcessed 700 queriesProcessed 750 queriesProcessed 800 queriesProcessed 850 queriesProcessed 900 queriesProcessed 950 queriesProcessed 1000 queries
=== Results ===
Total queries: 1000
Average recall@10: 0.8334
Average query time: 3.07 ms
Index build time: 10 seconds
